c:\users\charl\documents\1. carpeta personal\fi_unam\8vo_semestre\computación gráfica e interacción humano-computadora\laboratorio\proyecto\proyectofinallcgihc\proyectofinal\proyectofinal\debug\vc142.pdb
c:\users\charl\documents\1. carpeta personal\fi_unam\8vo_semestre\computación gráfica e interacción humano-computadora\laboratorio\proyecto\proyectofinallcgihc\proyectofinal\proyectofinal\debug\vc142.idb
c:\users\charl\documents\1. carpeta personal\fi_unam\8vo_semestre\computación gráfica e interacción humano-computadora\laboratorio\proyecto\proyectofinallcgihc\proyectofinal\proyectofinal\debug\timemanager.obj
c:\users\charl\documents\1. carpeta personal\fi_unam\8vo_semestre\computación gráfica e interacción humano-computadora\laboratorio\proyecto\proyectofinallcgihc\proyectofinal\proyectofinal\debug\texture.obj
c:\users\charl\documents\1. carpeta personal\fi_unam\8vo_semestre\computación gráfica e interacción humano-computadora\laboratorio\proyecto\proyectofinallcgihc\proyectofinal\proyectofinal\debug\sphere.obj
c:\users\charl\documents\1. carpeta personal\fi_unam\8vo_semestre\computación gráfica e interacción humano-computadora\laboratorio\proyecto\proyectofinallcgihc\proyectofinal\proyectofinal\debug\shader.obj
c:\users\charl\documents\1. carpeta personal\fi_unam\8vo_semestre\computación gráfica e interacción humano-computadora\laboratorio\proyecto\proyectofinallcgihc\proyectofinal\proyectofinal\debug\model.obj
c:\users\charl\documents\1. carpeta personal\fi_unam\8vo_semestre\computación gráfica e interacción humano-computadora\laboratorio\proyecto\proyectofinallcgihc\proyectofinal\proyectofinal\debug\mesh.obj
c:\users\charl\documents\1. carpeta personal\fi_unam\8vo_semestre\computación gráfica e interacción humano-computadora\laboratorio\proyecto\proyectofinallcgihc\proyectofinal\proyectofinal\debug\main.obj
c:\users\charl\documents\1. carpeta personal\fi_unam\8vo_semestre\computación gráfica e interacción humano-computadora\laboratorio\proyecto\proyectofinallcgihc\proyectofinal\proyectofinal\debug\firstpersoncamera.obj
c:\users\charl\documents\1. carpeta personal\fi_unam\8vo_semestre\computación gráfica e interacción humano-computadora\laboratorio\proyecto\proyectofinallcgihc\proyectofinal\proyectofinal\debug\cylinder.obj
c:\users\charl\documents\1. carpeta personal\fi_unam\8vo_semestre\computación gráfica e interacción humano-computadora\laboratorio\proyecto\proyectofinallcgihc\proyectofinal\proyectofinal\debug\box.obj
c:\users\charl\documents\1. carpeta personal\fi_unam\8vo_semestre\computación gráfica e interacción humano-computadora\laboratorio\proyecto\proyectofinallcgihc\proyectofinal\debug\proyectofinal.ilk
c:\users\charl\documents\1. carpeta personal\fi_unam\8vo_semestre\computación gráfica e interacción humano-computadora\laboratorio\proyecto\proyectofinallcgihc\proyectofinal\debug\proyectofinal.exe
c:\users\charl\documents\1. carpeta personal\fi_unam\8vo_semestre\computación gráfica e interacción humano-computadora\laboratorio\proyecto\proyectofinallcgihc\proyectofinal\debug\proyectofinal.pdb
c:\users\charl\documents\1. carpeta personal\fi_unam\8vo_semestre\computación gráfica e interacción humano-computadora\laboratorio\proyecto\proyectofinallcgihc\proyectofinal\proyectofinal\debug\proyectofinal.tlog\cl.command.1.tlog
c:\users\charl\documents\1. carpeta personal\fi_unam\8vo_semestre\computación gráfica e interacción humano-computadora\laboratorio\proyecto\proyectofinallcgihc\proyectofinal\proyectofinal\debug\proyectofinal.tlog\cl.read.1.tlog
c:\users\charl\documents\1. carpeta personal\fi_unam\8vo_semestre\computación gráfica e interacción humano-computadora\laboratorio\proyecto\proyectofinallcgihc\proyectofinal\proyectofinal\debug\proyectofinal.tlog\cl.write.1.tlog
c:\users\charl\documents\1. carpeta personal\fi_unam\8vo_semestre\computación gráfica e interacción humano-computadora\laboratorio\proyecto\proyectofinallcgihc\proyectofinal\proyectofinal\debug\proyectofinal.tlog\link.command.1.tlog
c:\users\charl\documents\1. carpeta personal\fi_unam\8vo_semestre\computación gráfica e interacción humano-computadora\laboratorio\proyecto\proyectofinallcgihc\proyectofinal\proyectofinal\debug\proyectofinal.tlog\link.read.1.tlog
c:\users\charl\documents\1. carpeta personal\fi_unam\8vo_semestre\computación gráfica e interacción humano-computadora\laboratorio\proyecto\proyectofinallcgihc\proyectofinal\proyectofinal\debug\proyectofinal.tlog\link.write.1.tlog
