  main.cpp
C:\Users\charl\Documents\1. Carpeta Personal\Fi_UNAM\8vo_Semestre\Computación Gráfica e Interacción Humano-Computadora\Laboratorio\Proyecto\ProyectoFinalLCGIHC\ProyectoFinal\ProyectoFinal\Origin\Headers\AbstractModel.h(53,17): warning C4244:  '=': conversión de 'double' a 'T'; posible pérdida de datos
C:\Users\charl\Documents\1. Carpeta Personal\Fi_UNAM\8vo_Semestre\Computación Gráfica e Interacción Humano-Computadora\Laboratorio\Proyecto\ProyectoFinalLCGIHC\ProyectoFinal\ProyectoFinal\Origin\Headers\AbstractModel.h(53,17): warning C4244:         with
C:\Users\charl\Documents\1. Carpeta Personal\Fi_UNAM\8vo_Semestre\Computación Gráfica e Interacción Humano-Computadora\Laboratorio\Proyecto\ProyectoFinalLCGIHC\ProyectoFinal\ProyectoFinal\Origin\Headers\AbstractModel.h(53,17): warning C4244:         [
C:\Users\charl\Documents\1. Carpeta Personal\Fi_UNAM\8vo_Semestre\Computación Gráfica e Interacción Humano-Computadora\Laboratorio\Proyecto\ProyectoFinalLCGIHC\ProyectoFinal\ProyectoFinal\Origin\Headers\AbstractModel.h(53,17): warning C4244:             T=float
C:\Users\charl\Documents\1. Carpeta Personal\Fi_UNAM\8vo_Semestre\Computación Gráfica e Interacción Humano-Computadora\Laboratorio\Proyecto\ProyectoFinalLCGIHC\ProyectoFinal\ProyectoFinal\Origin\Headers\AbstractModel.h(53,17): warning C4244:         ]
C:\Users\charl\Documents\1. Carpeta Personal\Fi_UNAM\8vo_Semestre\Computación Gráfica e Interacción Humano-Computadora\Laboratorio\Proyecto\ProyectoFinalLCGIHC\ProyectoFinal\ProyectoFinal\Origin\Headers\AbstractModel.h(54,17): warning C4244:  '=': conversión de 'double' a 'T'; posible pérdida de datos
C:\Users\charl\Documents\1. Carpeta Personal\Fi_UNAM\8vo_Semestre\Computación Gráfica e Interacción Humano-Computadora\Laboratorio\Proyecto\ProyectoFinalLCGIHC\ProyectoFinal\ProyectoFinal\Origin\Headers\AbstractModel.h(54,17): warning C4244:         with
C:\Users\charl\Documents\1. Carpeta Personal\Fi_UNAM\8vo_Semestre\Computación Gráfica e Interacción Humano-Computadora\Laboratorio\Proyecto\ProyectoFinalLCGIHC\ProyectoFinal\ProyectoFinal\Origin\Headers\AbstractModel.h(54,17): warning C4244:         [
C:\Users\charl\Documents\1. Carpeta Personal\Fi_UNAM\8vo_Semestre\Computación Gráfica e Interacción Humano-Computadora\Laboratorio\Proyecto\ProyectoFinalLCGIHC\ProyectoFinal\ProyectoFinal\Origin\Headers\AbstractModel.h(54,17): warning C4244:             T=float
C:\Users\charl\Documents\1. Carpeta Personal\Fi_UNAM\8vo_Semestre\Computación Gráfica e Interacción Humano-Computadora\Laboratorio\Proyecto\ProyectoFinalLCGIHC\ProyectoFinal\ProyectoFinal\Origin\Headers\AbstractModel.h(54,17): warning C4244:         ]
C:\Users\charl\Documents\1. Carpeta Personal\Fi_UNAM\8vo_Semestre\Computación Gráfica e Interacción Humano-Computadora\Laboratorio\Proyecto\ProyectoFinalLCGIHC\ProyectoFinal\ProyectoFinal\Origin\Headers\AbstractModel.h(55,17): warning C4244:  '=': conversión de 'double' a 'T'; posible pérdida de datos
C:\Users\charl\Documents\1. Carpeta Personal\Fi_UNAM\8vo_Semestre\Computación Gráfica e Interacción Humano-Computadora\Laboratorio\Proyecto\ProyectoFinalLCGIHC\ProyectoFinal\ProyectoFinal\Origin\Headers\AbstractModel.h(55,17): warning C4244:         with
C:\Users\charl\Documents\1. Carpeta Personal\Fi_UNAM\8vo_Semestre\Computación Gráfica e Interacción Humano-Computadora\Laboratorio\Proyecto\ProyectoFinalLCGIHC\ProyectoFinal\ProyectoFinal\Origin\Headers\AbstractModel.h(55,17): warning C4244:         [
C:\Users\charl\Documents\1. Carpeta Personal\Fi_UNAM\8vo_Semestre\Computación Gráfica e Interacción Humano-Computadora\Laboratorio\Proyecto\ProyectoFinalLCGIHC\ProyectoFinal\ProyectoFinal\Origin\Headers\AbstractModel.h(55,17): warning C4244:             T=float
C:\Users\charl\Documents\1. Carpeta Personal\Fi_UNAM\8vo_Semestre\Computación Gráfica e Interacción Humano-Computadora\Laboratorio\Proyecto\ProyectoFinalLCGIHC\ProyectoFinal\ProyectoFinal\Origin\Headers\AbstractModel.h(55,17): warning C4244:         ]
C:\Users\charl\Documents\1. Carpeta Personal\Fi_UNAM\8vo_Semestre\Computación Gráfica e Interacción Humano-Computadora\Laboratorio\Proyecto\ProyectoFinalLCGIHC\ProyectoFinal\ProyectoFinal\Origin\Headers\AbstractModel.h(56,17): warning C4244:  '=': conversión de 'double' a 'T'; posible pérdida de datos
C:\Users\charl\Documents\1. Carpeta Personal\Fi_UNAM\8vo_Semestre\Computación Gráfica e Interacción Humano-Computadora\Laboratorio\Proyecto\ProyectoFinalLCGIHC\ProyectoFinal\ProyectoFinal\Origin\Headers\AbstractModel.h(56,17): warning C4244:         with
C:\Users\charl\Documents\1. Carpeta Personal\Fi_UNAM\8vo_Semestre\Computación Gráfica e Interacción Humano-Computadora\Laboratorio\Proyecto\ProyectoFinalLCGIHC\ProyectoFinal\ProyectoFinal\Origin\Headers\AbstractModel.h(56,17): warning C4244:         [
C:\Users\charl\Documents\1. Carpeta Personal\Fi_UNAM\8vo_Semestre\Computación Gráfica e Interacción Humano-Computadora\Laboratorio\Proyecto\ProyectoFinalLCGIHC\ProyectoFinal\ProyectoFinal\Origin\Headers\AbstractModel.h(56,17): warning C4244:             T=float
C:\Users\charl\Documents\1. Carpeta Personal\Fi_UNAM\8vo_Semestre\Computación Gráfica e Interacción Humano-Computadora\Laboratorio\Proyecto\ProyectoFinalLCGIHC\ProyectoFinal\ProyectoFinal\Origin\Headers\AbstractModel.h(56,17): warning C4244:         ]
C:\Users\charl\Documents\1. Carpeta Personal\Fi_UNAM\8vo_Semestre\Computación Gráfica e Interacción Humano-Computadora\Laboratorio\Proyecto\ProyectoFinalLCGIHC\ProyectoFinal\ProyectoFinal\Origin\Headers\AbstractModel.h(57,17): warning C4244:  '=': conversión de 'double' a 'T'; posible pérdida de datos
C:\Users\charl\Documents\1. Carpeta Personal\Fi_UNAM\8vo_Semestre\Computación Gráfica e Interacción Humano-Computadora\Laboratorio\Proyecto\ProyectoFinalLCGIHC\ProyectoFinal\ProyectoFinal\Origin\Headers\AbstractModel.h(57,17): warning C4244:         with
C:\Users\charl\Documents\1. Carpeta Personal\Fi_UNAM\8vo_Semestre\Computación Gráfica e Interacción Humano-Computadora\Laboratorio\Proyecto\ProyectoFinalLCGIHC\ProyectoFinal\ProyectoFinal\Origin\Headers\AbstractModel.h(57,17): warning C4244:         [
C:\Users\charl\Documents\1. Carpeta Personal\Fi_UNAM\8vo_Semestre\Computación Gráfica e Interacción Humano-Computadora\Laboratorio\Proyecto\ProyectoFinalLCGIHC\ProyectoFinal\ProyectoFinal\Origin\Headers\AbstractModel.h(57,17): warning C4244:             T=float
C:\Users\charl\Documents\1. Carpeta Personal\Fi_UNAM\8vo_Semestre\Computación Gráfica e Interacción Humano-Computadora\Laboratorio\Proyecto\ProyectoFinalLCGIHC\ProyectoFinal\ProyectoFinal\Origin\Headers\AbstractModel.h(57,17): warning C4244:         ]
C:\Users\charl\Documents\1. Carpeta Personal\Fi_UNAM\8vo_Semestre\Computación Gráfica e Interacción Humano-Computadora\Laboratorio\Proyecto\ProyectoFinalLCGIHC\ProyectoFinal\ProyectoFinal\Origin\Headers\AbstractModel.h(58,17): warning C4244:  '=': conversión de 'double' a 'T'; posible pérdida de datos
C:\Users\charl\Documents\1. Carpeta Personal\Fi_UNAM\8vo_Semestre\Computación Gráfica e Interacción Humano-Computadora\Laboratorio\Proyecto\ProyectoFinalLCGIHC\ProyectoFinal\ProyectoFinal\Origin\Headers\AbstractModel.h(58,17): warning C4244:         with
C:\Users\charl\Documents\1. Carpeta Personal\Fi_UNAM\8vo_Semestre\Computación Gráfica e Interacción Humano-Computadora\Laboratorio\Proyecto\ProyectoFinalLCGIHC\ProyectoFinal\ProyectoFinal\Origin\Headers\AbstractModel.h(58,17): warning C4244:         [
C:\Users\charl\Documents\1. Carpeta Personal\Fi_UNAM\8vo_Semestre\Computación Gráfica e Interacción Humano-Computadora\Laboratorio\Proyecto\ProyectoFinalLCGIHC\ProyectoFinal\ProyectoFinal\Origin\Headers\AbstractModel.h(58,17): warning C4244:             T=float
C:\Users\charl\Documents\1. Carpeta Personal\Fi_UNAM\8vo_Semestre\Computación Gráfica e Interacción Humano-Computadora\Laboratorio\Proyecto\ProyectoFinalLCGIHC\ProyectoFinal\ProyectoFinal\Origin\Headers\AbstractModel.h(58,17): warning C4244:         ]
C:\Users\charl\Documents\1. Carpeta Personal\Fi_UNAM\8vo_Semestre\Computación Gráfica e Interacción Humano-Computadora\Laboratorio\Proyecto\ProyectoFinalLCGIHC\ProyectoFinal\ProyectoFinal\Origin\Headers\AnimationUtils.h(75,20): warning C4244:  '=': conversión de 'double' a 'float'; posible pérdida de datos
C:\Users\charl\Documents\1. Carpeta Personal\Fi_UNAM\8vo_Semestre\Computación Gráfica e Interacción Humano-Computadora\Laboratorio\Proyecto\ProyectoFinalLCGIHC\ProyectoFinal\ProyectoFinal\Origin\Headers\AnimationUtils.h(91,19): warning C4244:  '=': conversión de 'double' a 'float'; posible pérdida de datos
C:\Users\charl\Documents\1. Carpeta Personal\Fi_UNAM\8vo_Semestre\Computación Gráfica e Interacción Humano-Computadora\Laboratorio\Proyecto\ProyectoFinalLCGIHC\ProyectoFinal\ProyectoFinal\Origin\Headers\AnimationUtils.h(116,19): warning C4244:  'inicializando': conversión de 'double' a 'float'; posible pérdida de datos
C:\Users\charl\Documents\1. Carpeta Personal\Fi_UNAM\8vo_Semestre\Computación Gráfica e Interacción Humano-Computadora\Laboratorio\Proyecto\ProyectoFinalLCGIHC\ProyectoFinal\ProyectoFinal\Origin\main.cpp(746,17): warning C4244:  '=': conversión de 'double' a 'int'; posible pérdida de datos
C:\Users\charl\Documents\1. Carpeta Personal\Fi_UNAM\8vo_Semestre\Computación Gráfica e Interacción Humano-Computadora\Laboratorio\Proyecto\ProyectoFinalLCGIHC\ProyectoFinal\ProyectoFinal\Origin\main.cpp(747,17): warning C4244:  '=': conversión de 'double' a 'int'; posible pérdida de datos
C:\Users\charl\Documents\1. Carpeta Personal\Fi_UNAM\8vo_Semestre\Computación Gráfica e Interacción Humano-Computadora\Laboratorio\Proyecto\ProyectoFinalLCGIHC\ProyectoFinal\ProyectoFinal\Origin\main.cpp(748,18): warning C4244:  '=': conversión de 'double' a 'int'; posible pérdida de datos
C:\Users\charl\Documents\1. Carpeta Personal\Fi_UNAM\8vo_Semestre\Computación Gráfica e Interacción Humano-Computadora\Laboratorio\Proyecto\ProyectoFinalLCGIHC\ProyectoFinal\ProyectoFinal\Origin\main.cpp(749,18): warning C4244:  '=': conversión de 'double' a 'int'; posible pérdida de datos
C:\Users\charl\Documents\1. Carpeta Personal\Fi_UNAM\8vo_Semestre\Computación Gráfica e Interacción Humano-Computadora\Laboratorio\Proyecto\ProyectoFinalLCGIHC\ProyectoFinal\ProyectoFinal\Origin\main.cpp(775,33): warning C4244:  'argumento': conversión de 'double' a 'float'; posible pérdida de datos
C:\Users\charl\Documents\1. Carpeta Personal\Fi_UNAM\8vo_Semestre\Computación Gráfica e Interacción Humano-Computadora\Laboratorio\Proyecto\ProyectoFinalLCGIHC\ProyectoFinal\ProyectoFinal\Origin\main.cpp(777,34): warning C4244:  'argumento': conversión de 'double' a 'float'; posible pérdida de datos
C:\Users\charl\Documents\1. Carpeta Personal\Fi_UNAM\8vo_Semestre\Computación Gráfica e Interacción Humano-Computadora\Laboratorio\Proyecto\ProyectoFinalLCGIHC\ProyectoFinal\ProyectoFinal\Origin\main.cpp(779,34): warning C4244:  'argumento': conversión de 'double' a 'float'; posible pérdida de datos
C:\Users\charl\Documents\1. Carpeta Personal\Fi_UNAM\8vo_Semestre\Computación Gráfica e Interacción Humano-Computadora\Laboratorio\Proyecto\ProyectoFinalLCGIHC\ProyectoFinal\ProyectoFinal\Origin\main.cpp(781,33): warning C4244:  'argumento': conversión de 'double' a 'float'; posible pérdida de datos
C:\Users\charl\Documents\1. Carpeta Personal\Fi_UNAM\8vo_Semestre\Computación Gráfica e Interacción Humano-Computadora\Laboratorio\Proyecto\ProyectoFinalLCGIHC\ProyectoFinal\ProyectoFinal\Origin\main.cpp(783,45): warning C4244:  'argumento': conversión de 'double' a 'float'; posible pérdida de datos
C:\Users\charl\Documents\1. Carpeta Personal\Fi_UNAM\8vo_Semestre\Computación Gráfica e Interacción Humano-Computadora\Laboratorio\Proyecto\ProyectoFinalLCGIHC\ProyectoFinal\ProyectoFinal\Origin\main.cpp(783,36): warning C4244:  'argumento': conversión de 'int' a 'float'; posible pérdida de datos
C:\Users\charl\Documents\1. Carpeta Personal\Fi_UNAM\8vo_Semestre\Computación Gráfica e Interacción Humano-Computadora\Laboratorio\Proyecto\ProyectoFinalLCGIHC\ProyectoFinal\ProyectoFinal\Origin\main.cpp(783,27): warning C4244:  'argumento': conversión de 'int' a 'float'; posible pérdida de datos
C:\Users\charl\Documents\1. Carpeta Personal\Fi_UNAM\8vo_Semestre\Computación Gráfica e Interacción Humano-Computadora\Laboratorio\Proyecto\ProyectoFinalLCGIHC\ProyectoFinal\ProyectoFinal\Origin\main.cpp(956,57): warning C4244:  'argumento': conversión de 'double' a 'float'; posible pérdida de datos
C:\Users\charl\Documents\1. Carpeta Personal\Fi_UNAM\8vo_Semestre\Computación Gráfica e Interacción Humano-Computadora\Laboratorio\Proyecto\ProyectoFinalLCGIHC\ProyectoFinal\ProyectoFinal\Origin\main.cpp(957,62): warning C4244:  'argumento': conversión de 'double' a 'float'; posible pérdida de datos
C:\Users\charl\Documents\1. Carpeta Personal\Fi_UNAM\8vo_Semestre\Computación Gráfica e Interacción Humano-Computadora\Laboratorio\Proyecto\ProyectoFinalLCGIHC\ProyectoFinal\ProyectoFinal\Origin\main.cpp(960,62): warning C4305:  'argumento': truncamiento de 'double' a 'float'
C:\Users\charl\Documents\1. Carpeta Personal\Fi_UNAM\8vo_Semestre\Computación Gráfica e Interacción Humano-Computadora\Laboratorio\Proyecto\ProyectoFinalLCGIHC\ProyectoFinal\ProyectoFinal\Origin\main.cpp(1595,24): warning C4305:  '+=': truncamiento de 'double' a 'float'
C:\Users\charl\Documents\1. Carpeta Personal\Fi_UNAM\8vo_Semestre\Computación Gráfica e Interacción Humano-Computadora\Laboratorio\Proyecto\ProyectoFinalLCGIHC\ProyectoFinal\ProyectoFinal\Origin\main.cpp(1621,19): warning C4305:  '+=': truncamiento de 'double' a 'float'
C:\Users\charl\Documents\1. Carpeta Personal\Fi_UNAM\8vo_Semestre\Computación Gráfica e Interacción Humano-Computadora\Laboratorio\Proyecto\ProyectoFinalLCGIHC\ProyectoFinal\ProyectoFinal\Origin\main.cpp(1629,19): warning C4305:  '+=': truncamiento de 'double' a 'float'
C:\Users\charl\Documents\1. Carpeta Personal\Fi_UNAM\8vo_Semestre\Computación Gráfica e Interacción Humano-Computadora\Laboratorio\Proyecto\ProyectoFinalLCGIHC\ProyectoFinal\ProyectoFinal\Origin\main.cpp(1632,18): warning C4305:  '=': truncamiento de 'double' a 'float'
C:\Users\charl\Documents\1. Carpeta Personal\Fi_UNAM\8vo_Semestre\Computación Gráfica e Interacción Humano-Computadora\Laboratorio\Proyecto\ProyectoFinalLCGIHC\ProyectoFinal\ProyectoFinal\Origin\main.cpp(1658,21): warning C4244:  '=': conversión de 'double' a 'float'; posible pérdida de datos
  ProyectoFinal.vcxproj -> C:\Users\charl\Documents\1. Carpeta Personal\Fi_UNAM\8vo_Semestre\Computación Gráfica e Interacción Humano-Computadora\Laboratorio\Proyecto\ProyectoFinalLCGIHC\ProyectoFinal\Debug\ProyectoFinal.exe
